\BOOKMARK [0][-]{chapter.1}{Histogram\040Equalization-P1}{}% 1
\BOOKMARK [1][-]{section.1.1}{OverView}{chapter.1}% 2
\BOOKMARK [1][-]{section.1.2}{Generate\040the\040Histogram}{chapter.1}% 3
\BOOKMARK [2][-]{subsection.1.2.1}{Function}{section.1.2}% 4
\BOOKMARK [2][-]{subsection.1.2.2}{Histogram}{section.1.2}% 5
\BOOKMARK [1][-]{section.1.3}{Transfer\040Function}{chapter.1}% 6
\BOOKMARK [2][-]{subsection.1.3.1}{Implement\040the\040Histogram\040Equalization\040Technique}{section.1.3}% 7
\BOOKMARK [2][-]{subsection.1.3.2}{Transfer\040Function}{section.1.3}% 8
\BOOKMARK [1][-]{section.1.4}{Enhanced\040Images}{chapter.1}% 9
\BOOKMARK [2][-]{subsection.1.4.1}{Enhanced\040Function}{section.1.4}% 10
\BOOKMARK [2][-]{subsection.1.4.2}{Enhanced\040Images}{section.1.4}% 11
\BOOKMARK [0][-]{chapter.2}{Combining\040spatial\040enhancement\040methods-P2}{}% 12
\BOOKMARK [1][-]{section.2.1}{OverView}{chapter.2}% 13
\BOOKMARK [1][-]{section.2.2}{Image\040b}{chapter.2}% 14
\BOOKMARK [2][-]{subsection.2.2.1}{Laplacian\040Transform\040Filter}{section.2.2}% 15
\BOOKMARK [2][-]{subsection.2.2.2}{Laplacian\040Transform}{section.2.2}% 16
\BOOKMARK [1][-]{section.2.3}{Image\040c}{chapter.2}% 17
\BOOKMARK [1][-]{section.2.4}{Image\040d}{chapter.2}% 18
\BOOKMARK [2][-]{subsection.2.4.1}{Sobel\040Gradient\040Masks}{section.2.4}% 19
\BOOKMARK [2][-]{subsection.2.4.2}{Image\040d}{section.2.4}% 20
\BOOKMARK [1][-]{section.2.5}{Image\040e}{chapter.2}% 21
\BOOKMARK [1][-]{section.2.6}{Image\040f}{chapter.2}% 22
\BOOKMARK [1][-]{section.2.7}{Image\040g}{chapter.2}% 23
\BOOKMARK [1][-]{section.2.8}{Image\040h}{chapter.2}% 24
\BOOKMARK [2][-]{subsection.2.8.1}{Power-Law\040Transformation}{section.2.8}% 25
\BOOKMARK [2][-]{subsection.2.8.2}{Image\040h}{section.2.8}% 26
\BOOKMARK [0][-]{chapter.3}{Filtering\040in\040frequency\040domain-P3}{}% 27
\BOOKMARK [1][-]{section.3.1}{OverView}{chapter.3}% 28
\BOOKMARK [1][-]{section.3.2}{Fourier\040Transform}{chapter.3}% 29
\BOOKMARK [2][-]{subsection.3.2.1}{Transform\040Function}{section.3.2}% 30
\BOOKMARK [2][-]{subsection.3.2.2}{Fast\040Fourier\040Transform}{section.3.2}% 31
\BOOKMARK [1][-]{section.3.3}{Filtering}{chapter.3}% 32
\BOOKMARK [1][-]{section.3.4}{Ideal\040Filter}{chapter.3}% 33
\BOOKMARK [2][-]{subsection.3.4.1}{Ideal\040Low\040Pass}{section.3.4}% 34
\BOOKMARK [2][-]{subsection.3.4.2}{Ideal\040High\040Pass}{section.3.4}% 35
\BOOKMARK [1][-]{section.3.5}{Butterworth\040Filter}{chapter.3}% 36
\BOOKMARK [2][-]{subsection.3.5.1}{Butterworth\040Low\040Pass}{section.3.5}% 37
\BOOKMARK [2][-]{subsection.3.5.2}{Butterworth\040High\040Pass}{section.3.5}% 38
\BOOKMARK [1][-]{section.3.6}{Gaussian\040Filter}{chapter.3}% 39
\BOOKMARK [2][-]{subsection.3.6.1}{Gaussian\040Low\040Pass}{section.3.6}% 40
\BOOKMARK [2][-]{subsection.3.6.2}{Gaussian\040High\040Pass}{section.3.6}% 41
\BOOKMARK [0][-]{chapter.4}{Noise\040and\040different\040noise\040reduction\040methods-P4}{}% 42
\BOOKMARK [1][-]{section.4.1}{OverView}{chapter.4}% 43
\BOOKMARK [1][-]{section.4.2}{Noise}{chapter.4}% 44
\BOOKMARK [2][-]{subsection.4.2.1}{Uniform\040Noise}{section.4.2}% 45
\BOOKMARK [2][-]{subsection.4.2.2}{Gaussian\040Noise}{section.4.2}% 46
\BOOKMARK [2][-]{subsection.4.2.3}{Rayleigh\040Noise}{section.4.2}% 47
\BOOKMARK [2][-]{subsection.4.2.4}{Erlang\(Gamma\)\040Noise}{section.4.2}% 48
\BOOKMARK [2][-]{subsection.4.2.5}{Exponential\040Noise}{section.4.2}% 49
\BOOKMARK [2][-]{subsection.4.2.6}{Impulse\040Noise}{section.4.2}% 50
\BOOKMARK [1][-]{section.4.3}{Mean\040Filters}{chapter.4}% 51
\BOOKMARK [2][-]{subsection.4.3.1}{Filters}{section.4.3}% 52
\BOOKMARK [2][-]{subsection.4.3.2}{Results}{section.4.3}% 53
\BOOKMARK [1][-]{section.4.4}{Order-Statistic\040Filters}{chapter.4}% 54
\BOOKMARK [2][-]{subsection.4.4.1}{Filters}{section.4.4}% 55
\BOOKMARK [2][-]{subsection.4.4.2}{Results}{section.4.4}% 56
\BOOKMARK [0][-]{chapter.5}{Image\040Restoration-P5}{}% 57
\BOOKMARK [1][-]{section.5.1}{OverView}{chapter.5}% 58
\BOOKMARK [1][-]{section.5.2}{Fliter}{chapter.5}% 59
\BOOKMARK [2][-]{subsection.5.2.1}{Motion\040Filter}{section.5.2}% 60
\BOOKMARK [2][-]{subsection.5.2.2}{Inverse\040Filter}{section.5.2}% 61
\BOOKMARK [2][-]{subsection.5.2.3}{Wiener\040Filter}{section.5.2}% 62
\BOOKMARK [1][-]{section.5.3}{Results}{chapter.5}% 63
\BOOKMARK [0][-]{chapter.6}{Geometric\040transform-P6}{}% 64
\BOOKMARK [1][-]{section.6.1}{OverView}{chapter.6}% 65
\BOOKMARK [1][-]{section.6.2}{Spatial\040Transformation}{chapter.6}% 66
\BOOKMARK [2][-]{subsection.6.2.1}{Rotate}{section.6.2}% 67
\BOOKMARK [2][-]{subsection.6.2.2}{Results}{section.6.2}% 68
\BOOKMARK [2][-]{subsection.6.2.3}{Translate}{section.6.2}% 69
\BOOKMARK [2][-]{subsection.6.2.4}{Results}{section.6.2}% 70
\BOOKMARK [2][-]{subsection.6.2.5}{Scaling}{section.6.2}% 71
\BOOKMARK [2][-]{subsection.6.2.6}{Results}{section.6.2}% 72
\BOOKMARK [1][-]{section.6.3}{Interpolation\040Methods}{chapter.6}% 73
\BOOKMARK [2][-]{subsection.6.3.1}{Methods}{section.6.3}% 74
\BOOKMARK [2][-]{subsection.6.3.2}{Results}{section.6.3}% 75
\BOOKMARK [0][-]{chapter.7}{Geometric\040transform-P8}{}% 76
\BOOKMARK [1][-]{section.7.1}{OverView}{chapter.7}% 77
\BOOKMARK [1][-]{section.7.2}{Erosion\040and\040Dilation}{chapter.7}% 78
\BOOKMARK [2][-]{subsection.7.2.1}{Erosion}{section.7.2}% 79
\BOOKMARK [2][-]{subsection.7.2.2}{Dilation}{section.7.2}% 80
\BOOKMARK [1][-]{section.7.3}{Geodesic\040dilation\040and\040erosion}{chapter.7}% 81
\BOOKMARK [2][-]{subsection.7.3.1}{Geodesic\040dilation}{section.7.3}% 82
\BOOKMARK [2][-]{subsection.7.3.2}{Geodesic\040erosion}{section.7.3}% 83
\BOOKMARK [1][-]{section.7.4}{Opening\040by\040reconstruction}{chapter.7}% 84
\BOOKMARK [1][-]{section.7.5}{Filling\040holes}{chapter.7}% 85
\BOOKMARK [1][-]{section.7.6}{Border\040clearing}{chapter.7}% 86
\BOOKMARK [0][-]{chapter.8}{Image\040segmentation-P9}{}% 87
\BOOKMARK [1][-]{section.8.1}{OverView}{chapter.8}% 88
\BOOKMARK [1][-]{section.8.2}{Edge\040Detectors}{chapter.8}% 89
\BOOKMARK [2][-]{subsection.8.2.1}{Roberts}{section.8.2}% 90
\BOOKMARK [2][-]{subsection.8.2.2}{Prewitt}{section.8.2}% 91
\BOOKMARK [2][-]{subsection.8.2.3}{Sobel}{section.8.2}% 92
\BOOKMARK [2][-]{subsection.8.2.4}{Marr-Hildreth}{section.8.2}% 93
\BOOKMARK [2][-]{subsection.8.2.5}{Canny}{section.8.2}% 94
\BOOKMARK [1][-]{section.8.3}{Thresholding\040Segmentation}{chapter.8}% 95
\BOOKMARK [2][-]{subsection.8.3.1}{Global\040Thresholding}{section.8.3}% 96
\BOOKMARK [2][-]{subsection.8.3.2}{Otsu}{section.8.3}% 97
\BOOKMARK [0][-]{Appendix.a.A}{Codes}{}% 98
\BOOKMARK [1][-]{section.a.A.1}{Problem1}{Appendix.a.A}% 99
\BOOKMARK [1][-]{section.a.A.2}{Problem\0402}{Appendix.a.A}% 100
\BOOKMARK [1][-]{section.a.A.3}{Problem\0403}{Appendix.a.A}% 101
\BOOKMARK [1][-]{section.a.A.4}{Problem\0404}{Appendix.a.A}% 102
\BOOKMARK [1][-]{section.a.A.5}{Problem5}{Appendix.a.A}% 103
\BOOKMARK [1][-]{section.a.A.6}{Problem\0406}{Appendix.a.A}% 104
\BOOKMARK [1][-]{section.a.A.7}{Problem\0408}{Appendix.a.A}% 105
\BOOKMARK [1][-]{section.a.A.8}{Problem9}{Appendix.a.A}% 106
